  [4;36;1mSQL (0.3ms)[0m   [0;1m SELECT name
 FROM sqlite_master
 WHERE type = 'table' AND NOT name = 'sqlite_sequence'
[0m
  [4;35;1mSQL (0.2ms)[0m   [0mselect sqlite_version(*)[0m
  [4;36;1mSQL (267.5ms)[0m   [0;1mCREATE TABLE "schema_migrations" ("version" varchar(255) NOT NULL) [0m
  [4;35;1mSQL (0.1ms)[0m   [0mPRAGMA index_list("schema_migrations")[0m
  [4;36;1mSQL (198.5ms)[0m   [0;1mCREATE UNIQUE INDEX "unique_schema_migrations" ON "schema_migrations" ("version")[0m
  [4;35;1mSQL (0.4ms)[0m   [0m SELECT name
 FROM sqlite_master
 WHERE type = 'table' AND NOT name = 'sqlite_sequence'
[0m
  [4;36;1mSQL (0.2ms)[0m   [0;1mSELECT version FROM schema_migrations[0m
Migrating to CreateProducts (20120914232736)
  [4;35;1mSQL (10.3ms)[0m   [0mCREATE TABLE "products" ("id" INTEGER PRIMARY KEY AUTOINCREMENT NOT NULL, "title" varchar(255), "description" text, "image_url" varchar(255), "created_at" datetime, "updated_at" datetime) [0m
  [4;36;1mSQL (0.4ms)[0m   [0;1mINSERT INTO schema_migrations (version) VALUES ('20120914232736')[0m
  [4;35;1mSQL (0.4ms)[0m   [0m SELECT name
 FROM sqlite_master
 WHERE type = 'table' AND NOT name = 'sqlite_sequence'
[0m
  [4;36;1mSQL (0.2ms)[0m   [0;1mSELECT version FROM schema_migrations[0m
  [4;35;1mSQL (0.2ms)[0m   [0m SELECT name
 FROM sqlite_master
 WHERE type = 'table' AND NOT name = 'sqlite_sequence'
[0m
  [4;36;1mSQL (0.1ms)[0m   [0;1mPRAGMA index_list("products")[0m


Processing ProductsController#index (for 127.0.0.1 at 2012-09-15 05:47:15) [GET]
  [4;36;1mProduct Load (0.5ms)[0m   [0;1mSELECT * FROM "products" [0m
Rendering template within layouts/products
Rendering products/index
Completed in 56ms (View: 51, DB: 1) | 200 OK [http://localhost/products]


Processing ProductsController#new (for 127.0.0.1 at 2012-09-15 05:49:53) [GET]
Rendering template within layouts/products
Rendering products/new
Completed in 93ms (View: 87, DB: 0) | 200 OK [http://localhost/products/new]


Processing ProductsController#create (for 127.0.0.1 at 2012-09-15 05:50:16) [POST]
  Parameters: {"product"=>{"title"=>"Rails Book", "description"=>"Version 3.0", "image_url"=>"images/1.jpg"}, "commit"=>"Create", "authenticity_token"=>"2TSFtI6jLaiCJ8dATOG9FTdfPfJ5n6tKWFg/xDKl1eU="}
  [4;35;1mProduct Create (0.6ms)[0m   [0mINSERT INTO "products" ("created_at", "title", "description", "image_url", "updated_at") VALUES('2012-09-15 00:20:16', 'Rails Book', 'Version 3.0', 'images/1.jpg', '2012-09-15 00:20:16')[0m
Redirected to http://localhost:3000/products/1
Completed in 200ms (DB: 1) | 302 Found [http://localhost/products]


Processing ProductsController#show (for 127.0.0.1 at 2012-09-15 05:50:16) [GET]
  Parameters: {"id"=>"1"}
  [4;36;1mProduct Load (0.4ms)[0m   [0;1mSELECT * FROM "products" WHERE ("products"."id" = 1) [0m
Rendering template within layouts/products
Rendering products/show
Completed in 19ms (View: 13, DB: 0) | 200 OK [http://localhost/products/1]


Processing ProductsController#index (for 127.0.0.1 at 2012-09-15 05:50:22) [GET]
  [4;35;1mProduct Load (0.6ms)[0m   [0mSELECT * FROM "products" [0m
Rendering template within layouts/products
Rendering products/index
Completed in 12ms (View: 6, DB: 1) | 200 OK [http://localhost/products]
  [4;36;1mSQL (0.6ms)[0m   [0;1m SELECT name
 FROM sqlite_master
 WHERE type = 'table' AND NOT name = 'sqlite_sequence'
[0m
  [4;35;1mSQL (0.2ms)[0m   [0mSELECT version FROM schema_migrations[0m
Migrating to CreateProducts (20120914232736)
Migrating to AddPriceToProduct (20120915013155)
  [4;36;1mSQL (0.2ms)[0m   [0;1mselect sqlite_version(*)[0m
  [4;35;1mSQL (0.5ms)[0m   [0mALTER TABLE "products" ADD "price" decimal(8,2) DEFAULT 0[0m
  [4;36;1mSQL (0.2ms)[0m   [0;1mINSERT INTO schema_migrations (version) VALUES ('20120915013155')[0m
  [4;35;1mSQL (0.5ms)[0m   [0m SELECT name
 FROM sqlite_master
 WHERE type = 'table' AND NOT name = 'sqlite_sequence'
[0m
  [4;36;1mSQL (0.8ms)[0m   [0;1mSELECT version FROM schema_migrations[0m
  [4;35;1mSQL (0.4ms)[0m   [0m SELECT name
 FROM sqlite_master
 WHERE type = 'table' AND NOT name = 'sqlite_sequence'
[0m
  [4;36;1mSQL (0.1ms)[0m   [0;1mPRAGMA index_list("products")[0m


Processing ProductsController#index (for 127.0.0.1 at 2012-09-15 07:20:30) [GET]
  [4;36;1mProduct Load (0.8ms)[0m   [0;1mSELECT * FROM "products" [0m
Rendering template within layouts/products
Rendering products/index
Completed in 64ms (View: 59, DB: 1) | 200 OK [http://localhost/products]


Processing ProductsController#index (for 127.0.0.1 at 2012-09-15 07:28:32) [GET]
  [4;36;1mProduct Load (0.7ms)[0m   [0;1mSELECT * FROM "products" [0m
Rendering template within layouts/products
Rendering products/index
Completed in 23ms (View: 18, DB: 1) | 200 OK [http://localhost/products]


Processing ProductsController#new (for 127.0.0.1 at 2012-09-15 07:28:36) [GET]
Rendering template within layouts/products
Rendering products/new
Completed in 19ms (View: 13, DB: 0) | 200 OK [http://localhost/products/new]


Processing ProductsController#destroy (for 127.0.0.1 at 2012-09-15 07:28:43) [DELETE]
  Parameters: {"id"=>"1", "authenticity_token"=>"2TSFtI6jLaiCJ8dATOG9FTdfPfJ5n6tKWFg/xDKl1eU="}
  [4;35;1mProduct Load (0.5ms)[0m   [0mSELECT * FROM "products" WHERE ("products"."id" = 1) [0m
  [4;36;1mProduct Destroy (0.6ms)[0m   [0;1mDELETE FROM "products" WHERE "id" = 1[0m
Redirected to http://localhost:3000/products
Completed in 295ms (DB: 1) | 302 Found [http://localhost/products/1]


Processing ProductsController#index (for 127.0.0.1 at 2012-09-15 07:28:43) [GET]
  [4;35;1mProduct Load (0.5ms)[0m   [0mSELECT * FROM "products" [0m
Rendering template within layouts/products
Rendering products/index
Completed in 8ms (View: 2, DB: 0) | 200 OK [http://localhost/products]


Processing ProductsController#new (for 127.0.0.1 at 2012-09-15 07:28:44) [GET]
Rendering template within layouts/products
Rendering products/new
Completed in 14ms (View: 8, DB: 0) | 200 OK [http://localhost/products/new]


Processing ProductsController#create (for 127.0.0.1 at 2012-09-15 07:28:46) [POST]
  Parameters: {"product"=>{"description"=>"", "title"=>"", "price"=>"0.0", "image_url"=>""}, "authenticity_token"=>"2TSFtI6jLaiCJ8dATOG9FTdfPfJ5n6tKWFg/xDKl1eU=", "commit"=>"Create"}
Rendering template within layouts/products
Rendering products/new
Completed in 23ms (View: 15, DB: 0) | 200 OK [http://localhost/products]


Processing ProductsController#create (for 127.0.0.1 at 2012-09-15 07:29:11) [POST]
  Parameters: {"product"=>{"description"=>"Depot App", "title"=>"Rails Book", "price"=>"0.0", "image_url"=>"images/1.jpg"}, "authenticity_token"=>"2TSFtI6jLaiCJ8dATOG9FTdfPfJ5n6tKWFg/xDKl1eU=", "commit"=>"Create"}
  [4;36;1mProduct Create (0.3ms)[0m   [0;1mINSERT INTO "products" ("description", "title", "updated_at", "created_at", "image_url", "price") VALUES('Depot App', 'Rails Book', '2012-09-15 01:59:11', '2012-09-15 01:59:11', 'images/1.jpg', 0.0)[0m
Redirected to http://localhost:3000/products/2
Completed in 198ms (DB: 0) | 302 Found [http://localhost/products]


Processing ProductsController#show (for 127.0.0.1 at 2012-09-15 07:29:11) [GET]
  Parameters: {"id"=>"2"}
  [4;35;1mProduct Load (0.4ms)[0m   [0mSELECT * FROM "products" WHERE ("products"."id" = 2) [0m
Rendering template within layouts/products
Rendering products/show
Completed in 12ms (View: 6, DB: 0) | 200 OK [http://localhost/products/2]


Processing ProductsController#index (for 127.0.0.1 at 2012-09-15 07:33:55) [GET]
  [4;36;1mProduct Load (0.7ms)[0m   [0;1mSELECT * FROM "products" [0m
Rendering template within layouts/products
Rendering products/index
Completed in 12ms (View: 6, DB: 1) | 200 OK [http://localhost/products]


Processing ProductsController#destroy (for 127.0.0.1 at 2012-09-15 07:33:58) [DELETE]
  Parameters: {"id"=>"2", "authenticity_token"=>"2TSFtI6jLaiCJ8dATOG9FTdfPfJ5n6tKWFg/xDKl1eU="}
  [4;35;1mProduct Load (0.3ms)[0m   [0mSELECT * FROM "products" WHERE ("products"."id" = 2) [0m
  [4;36;1mProduct Destroy (0.2ms)[0m   [0;1mDELETE FROM "products" WHERE "id" = 2[0m
Redirected to http://localhost:3000/products
Completed in 302ms (DB: 1) | 302 Found [http://localhost/products/2]


Processing ProductsController#index (for 127.0.0.1 at 2012-09-15 07:33:58) [GET]
  [4;35;1mProduct Load (0.6ms)[0m   [0mSELECT * FROM "products" [0m
Rendering template within layouts/products
Rendering products/index
Completed in 8ms (View: 1, DB: 1) | 200 OK [http://localhost/products]


Processing ProductsController#new (for 127.0.0.1 at 2012-09-15 07:33:59) [GET]
Rendering template within layouts/products
Rendering products/new
Completed in 15ms (View: 7, DB: 0) | 200 OK [http://localhost/products/new]


Processing ProductsController#create (for 127.0.0.1 at 2012-09-15 07:34:03) [POST]
  Parameters: {"product"=>{"description"=>"", "title"=>"R", "price"=>"0.0", "image_url"=>""}, "authenticity_token"=>"2TSFtI6jLaiCJ8dATOG9FTdfPfJ5n6tKWFg/xDKl1eU=", "commit"=>"Create"}
  [4;36;1mProduct Load (0.2ms)[0m   [0;1mSELECT "products".id FROM "products" WHERE ("products"."title" = 'R') LIMIT 1[0m
Rendering template within layouts/products
Rendering products/new
Completed in 26ms (View: 16, DB: 0) | 200 OK [http://localhost/products]


Processing ProductsController#create (for 127.0.0.1 at 2012-09-15 07:34:41) [POST]
  Parameters: {"product"=>{"description"=>"HEllo Rails", "title"=>"Rails Book", "price"=>"0.0", "image_url"=>"images/1.jpg"}, "authenticity_token"=>"2TSFtI6jLaiCJ8dATOG9FTdfPfJ5n6tKWFg/xDKl1eU=", "commit"=>"Create"}
  [4;35;1mProduct Load (0.2ms)[0m   [0mSELECT "products".id FROM "products" WHERE ("products"."title" = 'Rails Book') LIMIT 1[0m
Rendering template within layouts/products
Rendering products/new
Completed in 82ms (View: 7, DB: 0) | 200 OK [http://localhost/products]


Processing ProductsController#create (for 127.0.0.1 at 2012-09-15 07:34:51) [POST]
  Parameters: {"product"=>{"description"=>"HEllo Rails", "title"=>"Rails Book", "price"=>"0.01", "image_url"=>"images/1.jpg"}, "authenticity_token"=>"2TSFtI6jLaiCJ8dATOG9FTdfPfJ5n6tKWFg/xDKl1eU=", "commit"=>"Create"}
  [4;36;1mProduct Load (0.2ms)[0m   [0;1mSELECT "products".id FROM "products" WHERE ("products"."title" = 'Rails Book') LIMIT 1[0m
  [4;35;1mProduct Create (0.4ms)[0m   [0mINSERT INTO "products" ("description", "title", "updated_at", "created_at", "image_url", "price") VALUES('HEllo Rails', 'Rails Book', '2012-09-15 02:04:51', '2012-09-15 02:04:51', 'images/1.jpg', 0.01)[0m
Redirected to http://localhost:3000/products/3
Completed in 180ms (DB: 1) | 302 Found [http://localhost/products]


Processing ProductsController#show (for 127.0.0.1 at 2012-09-15 07:34:51) [GET]
  Parameters: {"id"=>"3"}
  [4;36;1mProduct Load (0.4ms)[0m   [0;1mSELECT * FROM "products" WHERE ("products"."id" = 3) [0m
Rendering template within layouts/products
Rendering products/show
Completed in 11ms (View: 4, DB: 0) | 200 OK [http://localhost/products/3]
